<?xml version="1.0" encoding="UTF-8"?>
<testng-results skipped="0" failed="0" ignored="0" total="1" passed="1">
  <reporter-output>
  </reporter-output>
  <suite name="Default suite" duration-ms="62213" started-at="2018-04-15T05:49:56Z" finished-at="2018-04-15T05:50:58Z">
    <groups>
    </groups>
    <test name="Default test" duration-ms="62213" started-at="2018-04-15T05:49:56Z" finished-at="2018-04-15T05:50:58Z">
      <class name="sampleGitTest.SampleGitTest">
        <test-method status="PASS" signature="LoginTest()[pri:0, instance:sampleGitTest.SampleGitTest@23d2a7e8]" name="LoginTest" duration-ms="62159" started-at="2018-04-15T05:49:56Z" finished-at="2018-04-15T05:50:58Z">
          <reporter-output>
          </reporter-output>
        </test-method> <!-- LoginTest -->
      </class> <!-- sampleGitTest.SampleGitTest -->
    </test> <!-- Default test -->
  </suite> <!-- Default suite -->
</testng-results>
